[21:07:51] [main/INFO]: Building optimized datafixer
[21:07:54] [Render thread/INFO]: Environment: authHost='https://authserver.mojang.com', accountsHost='https://api.mojang.com', sessionHost='https://sessionserver.mojang.com', servicesHost='https://api.minecraftservices.com', name='PROD'
[21:07:55] [Render thread/ERROR]: Failed to verify authentication
com.mojang.authlib.exceptions.InvalidCredentialsException: Status: 401
	at com.mojang.authlib.exceptions.MinecraftClientHttpException.toAuthenticationException(MinecraftClientHttpException.java:56) ~[authlib-3.11.49.jar:?]
	at com.mojang.authlib.yggdrasil.YggdrasilUserApiService.fetchProperties(YggdrasilUserApiService.java:155) ~[authlib-3.11.49.jar:?]
	at com.mojang.authlib.yggdrasil.YggdrasilUserApiService.<init>(YggdrasilUserApiService.java:55) ~[authlib-3.11.49.jar:?]
	at com.mojang.authlib.yggdrasil.YggdrasilAuthenticationService.createUserApiService(YggdrasilAuthenticationService.java:161) ~[authlib-3.11.49.jar:?]
	at efu.a(SourceFile:711) [1.19.2.jar:?]
	at efu.<init>(SourceFile:431) [1.19.2.jar:?]
	at net.minecraft.client.main.Main.a(SourceFile:205) [1.19.2.jar:?]
	at net.minecraft.client.main.Main.main(SourceFile:51) [1.19.2.jar:?]
Caused by: com.mojang.authlib.exceptions.MinecraftClientHttpException: Status: 401
	at com.mojang.authlib.minecraft.client.MinecraftClient.readInputStream(MinecraftClient.java:85) ~[authlib-3.11.49.jar:?]
	at com.mojang.authlib.minecraft.client.MinecraftClient.get(MinecraftClient.java:48) ~[authlib-3.11.49.jar:?]
	at com.mojang.authlib.yggdrasil.YggdrasilUserApiService.fetchProperties(YggdrasilUserApiService.java:129) ~[authlib-3.11.49.jar:?]
	... 6 more
[21:07:55] [Render thread/INFO]: Setting user: Hongyu
[21:07:56] [Render thread/INFO]: Backend library: LWJGL version 3.3.1 build 7
[21:08:04] [Worker-Main-12/ERROR]: Failed to retrieve profile key pair
java.io.IOException: Could not retrieve profile key pair
	at eva.a(SourceFile:130) ~[1.19.2.jar:?]
	at eva.c(SourceFile:69) ~[1.19.2.jar:?]
	at java.util.concurrent.CompletableFuture$AsyncSupply.run(CompletableFuture.java:1768) [?:?]
	at java.util.concurrent.CompletableFuture$AsyncSupply.exec(CompletableFuture.java:1760) [?:?]
	at java.util.concurrent.ForkJoinTask.doExec(ForkJoinTask.java:373) [?:?]
	at java.util.concurrent.ForkJoinPool$WorkQueue.topLevelExec(ForkJoinPool.java:1182) [?:?]
	at java.util.concurrent.ForkJoinPool.scan(ForkJoinPool.java:1655) [?:?]
	at java.util.concurrent.ForkJoinPool.runWorker(ForkJoinPool.java:1622) [?:?]
	at java.util.concurrent.ForkJoinWorkerThread.run(ForkJoinWorkerThread.java:165) [?:?]
[21:08:04] [Render thread/INFO]: Narrator library for x64 successfully loaded
[21:08:04] [Render thread/INFO]: Reloading ResourceManager: Default
[21:08:08] [Render thread/WARN]: Missing sound for event: minecraft:item.goat_horn.play
[21:08:08] [Render thread/WARN]: Missing sound for event: minecraft:entity.goat.screaming.horn_break
[21:08:09] [Render thread/INFO]: OpenAL initialized on device OpenAL Soft on 扬声器 (8- USB Audio Device)
[21:08:09] [Render thread/INFO]: Sound engine started
[21:08:09] [Render thread/INFO]: Created: 1024x1024x4 minecraft:textures/atlas/blocks.png-atlas
[21:08:09] [Render thread/INFO]: Created: 256x128x4 minecraft:textures/atlas/signs.png-atlas
[21:08:09] [Render thread/INFO]: Created: 1024x512x4 minecraft:textures/atlas/banner_patterns.png-atlas
[21:08:09] [Render thread/INFO]: Created: 1024x512x4 minecraft:textures/atlas/shield_patterns.png-atlas
[21:08:09] [Render thread/INFO]: Created: 256x256x4 minecraft:textures/atlas/chest.png-atlas
[21:08:09] [Render thread/INFO]: Created: 512x256x4 minecraft:textures/atlas/beds.png-atlas
[21:08:09] [Render thread/INFO]: Created: 512x256x4 minecraft:textures/atlas/shulker_boxes.png-atlas
[21:08:11] [Render thread/WARN]: Shader rendertype_entity_translucent_emissive could not find sampler named Sampler2 in the specified shader program.
[21:08:11] [Render thread/INFO]: Created: 512x256x0 minecraft:textures/atlas/particles.png-atlas
[21:08:11] [Render thread/INFO]: Created: 256x256x0 minecraft:textures/atlas/paintings.png-atlas
[21:08:11] [Render thread/INFO]: Created: 256x128x0 minecraft:textures/atlas/mob_effects.png-atlas
[21:08:13] [Realms Notification Availability checker #1/INFO]: Could not authorize you against Realms server: Invalid session id
[21:08:21] [Worker-Bootstrap-11/INFO]: 4283 Datafixer optimizations took 30055 milliseconds
[21:08:25] [Server Pinger #0/ERROR]: Can't ping c.starcraft.ren:10221: 未知的主机
[21:08:26] [MCO Compatability Checker #1/INFO]: Could not authorize you against Realms server: Invalid session id
[21:08:26] [MCO Compatability Checker #1/ERROR]: Couldn't connect to realms
ecq: Invalid session id
	at ebf.a(SourceFile:427) ~[1.19.2.jar:?]
	at ebf.i(SourceFile:207) ~[1.19.2.jar:?]
	at eba$1.run(SourceFile:557) [1.19.2.jar:?]
[21:08:32] [Render thread/INFO]: Loaded 7 recipes
[21:08:32] [Render thread/INFO]: Loaded 1179 advancements
[21:08:32] [Worker-Main-14/ERROR]: Failed to retrieve profile key pair
java.io.IOException: Could not retrieve profile key pair
	at eva.a(SourceFile:130) ~[1.19.2.jar:?]
	at eva.c(SourceFile:69) ~[1.19.2.jar:?]
	at java.util.concurrent.CompletableFuture$AsyncSupply.run(CompletableFuture.java:1768) [?:?]
	at java.util.concurrent.CompletableFuture$AsyncSupply.exec(CompletableFuture.java:1760) [?:?]
	at java.util.concurrent.ForkJoinTask.doExec(ForkJoinTask.java:373) [?:?]
	at java.util.concurrent.ForkJoinPool$WorkQueue.topLevelExec(ForkJoinPool.java:1182) [?:?]
	at java.util.concurrent.ForkJoinPool.scan(ForkJoinPool.java:1655) [?:?]
	at java.util.concurrent.ForkJoinPool.runWorker(ForkJoinPool.java:1622) [?:?]
	at java.util.concurrent.ForkJoinWorkerThread.run(ForkJoinWorkerThread.java:165) [?:?]
[21:08:32] [Server thread/INFO]: Starting integrated minecraft server version 1.19.2
[21:08:32] [Server thread/INFO]: Generating keypair
[21:08:33] [Server thread/INFO]: Preparing start region for dimension minecraft:overworld
[21:08:35] [Render thread/INFO]: 准备生成区域中：0%
[21:08:35] [Render thread/INFO]: 准备生成区域中：0%
[21:08:35] [Render thread/INFO]: 准备生成区域中：0%
[21:08:35] [Render thread/INFO]: 准备生成区域中：0%
[21:08:35] [Render thread/INFO]: 准备生成区域中：0%
[21:08:35] [Render thread/INFO]: 准备生成区域中：0%
[21:08:36] [Render thread/INFO]: 准备生成区域中：78%
[21:08:36] [Render thread/INFO]: Time elapsed: 3119 ms
[21:08:36] [Server thread/INFO]: Changing view distance to 8, from 10
[21:08:36] [Server thread/INFO]: Changing simulation distance to 12, from 0
[21:08:36] [Server thread/INFO]: Hongyu[local:E:cf001446] logged in with entity id 247 at (13.37211254570756, 64.17675927506424, -48.30000001192093)
[21:08:36] [Server thread/INFO]: Hongyu加入了游戏
[21:08:37] [Render thread/INFO]: Loaded 153 advancements
[21:09:14] [Render thread/WARN]: Unable to play empty soundEvent: minecraft:entity.salmon.ambient
[21:09:29] [Server thread/INFO]: [Hongyu: 你的游戏模式已被设置为创造模式 ]
[21:09:29] [Render thread/INFO]: [System] [CHAT] 你的游戏模式已被设置为创造模式 
[21:09:44] [Server thread/WARN]: Can't keep up! Is the server overloaded? Running 6983ms or 139 ticks behind
[21:09:44] [Render thread/INFO]: [System] [CHAT] 最近的#minecraft:on_treasure_maps (minecraft:buried_treasure)位于[553, ~, -471]（720个方块外）
[21:09:47] [Server thread/INFO]: [Hongyu: 已将Hongyu传送到 553.500000, 81.719286, -470.500000]
[21:09:47] [Render thread/INFO]: [System] [CHAT] 已将Hongyu传送到 553.500000, 81.719286, -470.500000
[21:09:49] [Render thread/INFO]: Loaded 153 advancements
[21:09:53] [Server thread/INFO]: [Hongyu: 你的游戏模式已被设置为旁观模式 ]
[21:09:53] [Render thread/INFO]: [System] [CHAT] 你的游戏模式已被设置为旁观模式 
[21:10:11] [Server thread/INFO]: [Hongyu: 你的游戏模式已被设置为创造模式 ]
[21:10:11] [Render thread/INFO]: [System] [CHAT] 你的游戏模式已被设置为创造模式 
[21:10:14] [Server thread/INFO]: [Hongyu: 你的游戏模式已被设置为旁观模式 ]
[21:10:14] [Render thread/INFO]: [System] [CHAT] 你的游戏模式已被设置为旁观模式 
[21:10:16] [Server thread/INFO]: [Hongyu: 你的游戏模式已被设置为创造模式 ]
[21:10:16] [Render thread/INFO]: [System] [CHAT] 你的游戏模式已被设置为创造模式 
[21:10:31] [Render thread/INFO]: Loaded 167 advancements
[21:10:31] [Render thread/INFO]: Loaded 168 advancements
[21:10:32] [Server thread/INFO]: Hongyu取得了进度[来硬的]
[21:10:32] [Render thread/INFO]: [System] [CHAT] Hongyu取得了进度[来硬的]
[21:10:32] [Render thread/INFO]: Loaded 196 advancements
[21:10:50] [Render thread/INFO]: [System] [CHAT] 最近的#minecraft:on_treasure_maps (minecraft:buried_treasure)位于[553, ~, -471]（2个方块外）
[21:10:52] [Server thread/INFO]: [Hongyu: 已将Hongyu传送到 553.500000, 63.000000, -470.500000]
[21:10:52] [Render thread/INFO]: [System] [CHAT] 已将Hongyu传送到 553.500000, 63.000000, -470.500000
[21:11:03] [Render thread/INFO]: [System] [CHAT] 最近的#minecraft:on_woodland_explorer_maps (minecraft:mansion)位于[3184, ~, -3040]（3677个方块外）
[21:11:05] [Server thread/INFO]: [Hongyu: 已将Hongyu传送到 3184.500000, 75.782601, -3039.500000]
[21:11:05] [Render thread/INFO]: [System] [CHAT] 已将Hongyu传送到 3184.500000, 75.782601, -3039.500000
[21:11:07] [Render thread/INFO]: Loaded 196 advancements
[21:11:21] [Render thread/INFO]: Loaded 196 advancements
[21:11:34] [Render thread/INFO]: Loaded 212 advancements
[21:12:04] [Server thread/INFO]: [Hongyu: 你的游戏模式已被设置为旁观模式 ]
[21:12:04] [Render thread/INFO]: [System] [CHAT] 你的游戏模式已被设置为旁观模式 
[21:13:07] [Render thread/WARN]: Unable to play empty soundEvent: minecraft:entity.cod.ambient
[21:13:48] [Server thread/INFO]: Saving and pausing game...
[21:13:48] [Server thread/INFO]: Saving chunks for level 'ServerLevel[Hello19!]'/minecraft:overworld
[21:13:48] [Server thread/INFO]: Saving chunks for level 'ServerLevel[Hello19!]'/minecraft:the_end
[21:13:48] [Server thread/INFO]: Saving chunks for level 'ServerLevel[Hello19!]'/minecraft:the_nether
[21:13:48] [Server thread/INFO]: Hongyu lost connection: 连接中止
[21:13:48] [Server thread/INFO]: Hongyu退出了游戏
[21:13:49] [Server thread/INFO]: Stopping singleplayer server as player logged out
[21:13:49] [Server thread/INFO]: Stopping server
[21:13:49] [Server thread/INFO]: Saving players
[21:13:49] [Server thread/INFO]: Saving worlds
[21:13:50] [Server thread/INFO]: Saving chunks for level 'ServerLevel[Hello19!]'/minecraft:overworld
[21:13:50] [Server thread/INFO]: Saving chunks for level 'ServerLevel[Hello19!]'/minecraft:the_end
[21:13:50] [Server thread/INFO]: Saving chunks for level 'ServerLevel[Hello19!]'/minecraft:the_nether
[21:13:50] [Server thread/INFO]: ThreadedAnvilChunkStorage (Hello19!): All chunks are saved
[21:13:50] [Server thread/INFO]: ThreadedAnvilChunkStorage (DIM1): All chunks are saved
[21:13:50] [Server thread/INFO]: ThreadedAnvilChunkStorage (DIM-1): All chunks are saved
[21:13:50] [Server thread/INFO]: ThreadedAnvilChunkStorage: All dimensions are saved
[21:13:53] [Render thread/INFO]: Stopping!
